<?xml version="1.0" encoding="UTF-8"?>
<!-- Generated by org.testng.reporters.JUnitReportReporter -->
<testsuite hostname="TVDI-014" failures="0" tests="1" name="testAPI.APItest1" time="2.712" errors="0" timestamp="2023-05-18T11:55:35 IST" skipped="0">
  <testcase classname="testAPI.APItest1" name="test_1" time="2.712"/>
  <system-out/>
</testsuite> <!-- testAPI.APItest1 -->
